-------------------------------------------------------------------------------
Test set: com.vytrack.runners.CukesRunner
-------------------------------------------------------------------------------
Tests run: 20, Failures: 1, Errors: 0, Skipped: 0, Time elapsed: 220.968 s <<< FAILURE! - in com.vytrack.runners.CukesRunner
Login with valid credentials(Default)  Time elapsed: 10.914 s  <<< FAILURE!
org.junit.ComparisonFailure: expected:<[Quick Launchpa]d> but was:<[Dashboar]d>

