<?xml version="1.0" encoding="UTF-8"?>
<testsuite xmlns:xsi="http://www.w3.org/2001/XMLSchema-instance" xsi:noNamespaceSchemaLocation="https://maven.apache.org/surefire/maven-surefire-plugin/xsd/surefire-test-report.xsd" name="com.vytrack.runners.CukesRunner" time="220.968" tests="20" errors="0" skipped="0" failures="1">
  <properties>
[...]
</properties>
  <testcase name="Login with valid credentials" classname="Default" time="10.914">
    <failure message="expected:&lt;[Quick Launchpa]d&gt; but was:&lt;[Dashboar]d&gt;" type="org.junit.ComparisonFailure"><![CDATA[org.junit.ComparisonFailure: expected:<[Quick Launchpa]d> but was:<[Dashboar]d>
]]></failure>
    <system-err><![CDATA[Feb 19, 2022 1:03:54 PM io.cucumber.junit.Cucumber <init>
WARNING: By default Cucumber is running in --non-strict mode.
This default will change to --strict and --non-strict will be removed.
You can use --strict or @CucumberOptions(strict = true) to suppress this warning
SLF4J: Failed to load class "org.slf4j.impl.StaticLoggerBinder".
SLF4J: Defaulting to no-operation (NOP) logger implementation
SLF4J: See http://www.slf4j.org/codes.html#StaticLoggerBinder for further details.
Starting ChromeDriver 98.0.4758.102 (273bf7ac8c909cde36982d27f66f3c70846a3718-refs/branch-heads/4758@{#1151}) on port 11684
Only local connections are allowed.
Please see https://chromedriver.chromium.org/security-considerations for suggestions on keeping ChromeDriver safe.
ChromeDriver was started successfully.
Feb 19, 2022 1:03:56 PM org.openqa.selenium.remote.ProtocolHandshake createSession
INFO: Detected dialect: W3C
]]></system-err>
  </testcase>
  <testcase name="Login with valid credentials" classname="Default" time="10.619"/>
  <testcase name="Login with valid credentials" classname="Default" time="11.612"/>
  <testcase name="Login with invaid credentials" classname="Default" time="9.633"/>
  <testcase name="Login with invaid credentials" classname="Default" time="9.286"/>
  <testcase name="Login with invaid credentials" classname="Default" time="9.61"/>
  <testcase name="Login with invaid credentials" classname="Default" time="9.246"/>
  <testcase name="Login with empty fields" classname="Default" time="3.727"/>
  <testcase name="Login with empty fields" classname="Default" time="3.711"/>
  <testcase name="Login with empty fields" classname="Default" time="3.713"/>
  <testcase name="Login with empty fields" classname="Default" time="3.674"/>
  <testcase name="Forgot password page" classname="Default" time="4.08"/>
  <testcase name="Remember Me Checkbox" classname="Default" time="3.397"/>
  <testcase name="Verifying the Enter key" classname="Default" time="9.619"/>
  <testcase name="Verifying the Enter key" classname="Default" time="9.437"/>
  <testcase name="Verifying the Enter key" classname="Default" time="12.156"/>
  <testcase name="Verifying the bullet signs" classname="Default" time="4.094"/>
  <testcase name="Verifying the Profile Name" classname="Default" time="29.791"/>
  <testcase name="Verifying the Profile Name" classname="Default" time="31.445"/>
  <testcase name="Verifying the Profile Name" classname="Default" time="30.818"/>
</testsuite>