<?xml version="1.0" encoding="UTF-8"?>
<testsuite xmlns:xsi="http://www.w3.org/2001/XMLSchema-instance" xsi:noNamespaceSchemaLocation="https://maven.apache.org/surefire/maven-surefire-plugin/xsd/surefire-test-report.xsd" name="com.vytrack.runners.CukesRunner" time="132.881" tests="5" errors="0" skipped="0" failures="0">
  <properties>
[...]
</properties>
  <testcase name="Manage Filter Button visible" classname="Manage Filter Function" time="17.251"/>
  <testcase name="Manage Filter options list" classname="Manage Filter Function" time="15.235"/>
  <testcase name="Apply filters by clicking" classname="Manage Filter Function" time="13.798"/>
  <testcase name="Apply filters by typing" classname="Manage Filter Function" time="15.222"/>
  <testcase name="Apply multiple filters at the same time and Remove the all" classname="Manage Filter Function" time="70.942"/>
</testsuite>